#
# There is insufficient memory for the Java Runtime Environment to continue.
# Native memory allocation (malloc) failed to allocate 32744 bytes for ChunkPool::allocate
# Possible reasons:
#   The system is out of physical RAM or swap space
#   The process is running with CompressedOops enabled, and the Java Heap may be blocking the growth of the native heap
# Possible solutions:
#   Reduce memory load on the system
#   Increase physical memory or swap space
#   Check if swap backing store is full
#   Decrease Java heap size (-Xmx/-Xms)
#   Decrease number of Java threads
#   Decrease Java thread stack sizes (-Xss)
#   Set larger code cache with -XX:ReservedCodeCacheSize=
#   JVM is running with Unscaled Compressed Oops mode in which the Java heap is
#     placed in the first 4GB address space. The Java Heap base address is the
#     maximum limit for the native heap growth. Please use -XX:HeapBaseMinAddress
#     to set the Java Heap base and to place the Java Heap above 4GB virtual address.
# This output file may be truncated or incomplete.
#
#  Out of Memory Error (arena.cpp:78), pid=3884, tid=9300
#
# JRE version: OpenJDK Runtime Environment Temurin-17.0.3+7 (17.0.3+7) (build 17.0.3+7)
# Java VM: OpenJDK 64-Bit Server VM Temurin-17.0.3+7 (17.0.3+7, mixed mode, tiered, compressed oops, compressed class ptrs, g1 gc, windows-amd64)
# No core dump will be written. Minidumps are not enabled by default on client versions of Windows
#

---------------  S U M M A R Y ------------

Command Line: -Dfile.encoding=UTF-8 -XX:+ShowCodeDetailsInExceptionMessages com.gl.employee.EmployeeManagementSystemApplication

Host: Intel(R) Core(TM) i3-1005G1 CPU @ 1.20GHz, 4 cores, 7G,  Windows 11 , 64 bit Build 22000 (10.0.22000.1335)
Time: Fri Jan 20 10:53:44 2023 India Standard Time elapsed time: 21.027313 seconds (0d 0h 0m 21s)

---------------  T H R E A D  ---------------

Current thread (0x0000014cc0d01710):  JavaThread "http-nio-8080-exec-1" daemon [_thread_in_vm, id=9300, stack(0x0000001cf9100000,0x0000001cf9200000)]

Stack: [0x0000001cf9100000,0x0000001cf9200000]
Native frames: (J=compiled Java code, j=interpreted, Vv=VM code, C=native code)
V  [jvm.dll+0x675efa]
V  [jvm.dll+0x830a24]
V  [jvm.dll+0x8321ce]
V  [jvm.dll+0x832833]
V  [jvm.dll+0x2454b5]
V  [jvm.dll+0xabfc0]
V  [jvm.dll+0xac30c]
V  [jvm.dll+0x1ea77e]
V  [jvm.dll+0x1eb10f]
V  [jvm.dll+0x1e05b1]
V  [jvm.dll+0x53bb80]
V  [jvm.dll+0x7aba28]
V  [jvm.dll+0x7abb14]
V  [jvm.dll+0x40c7c5]
V  [jvm.dll+0x4129b8]
C  [java.dll+0x17ec]

Java frames: (J=compiled Java code, j=interpreted, Vv=VM code)
J 694  java.lang.ClassLoader.defineClass1(Ljava/lang/ClassLoader;Ljava/lang/String;[BIILjava/security/ProtectionDomain;Ljava/lang/String;)Ljava/lang/Class; java.base@17.0.3 (0 bytes) @ 0x0000014cae71955b [0x0000014cae7194a0+0x00000000000000bb]
J 4036 c2 java.security.SecureClassLoader.defineClass(Ljava/lang/String;[BIILjava/security/CodeSource;)Ljava/lang/Class; java.base@17.0.3 (16 bytes) @ 0x0000014cae94fc5c [0x0000014cae94fae0+0x000000000000017c]
J 3812 c2 jdk.internal.loader.BuiltinClassLoader.findClassOnClassPathOrNull(Ljava/lang/String;)Ljava/lang/Class; java.base@17.0.3 (64 bytes) @ 0x0000014cae90e0c4 [0x0000014cae90c780+0x0000000000001944]
J 2635 c2 jdk.internal.loader.BuiltinClassLoader.loadClassOrNull(Ljava/lang/String;Z)Ljava/lang/Class; java.base@17.0.3 (143 bytes) @ 0x0000014cae7fe590 [0x0000014cae7fe1c0+0x00000000000003d0]
J 3845 c2 jdk.internal.loader.ClassLoaders$AppClassLoader.loadClass(Ljava/lang/String;Z)Ljava/lang/Class; java.base@17.0.3 (40 bytes) @ 0x0000014cae91c66c [0x0000014cae91c620+0x000000000000004c]
J 3659 c2 java.lang.ClassLoader.loadClass(Ljava/lang/String;)Ljava/lang/Class; java.base@17.0.3 (7 bytes) @ 0x0000014cae8bb240 [0x0000014cae8bb200+0x0000000000000040]
v  ~StubRoutines::call_stub
J 694  java.lang.ClassLoader.defineClass1(Ljava/lang/ClassLoader;Ljava/lang/String;[BIILjava/security/ProtectionDomain;Ljava/lang/String;)Ljava/lang/Class; java.base@17.0.3 (0 bytes) @ 0x0000014cae71955b [0x0000014cae7194a0+0x00000000000000bb]
J 4036 c2 java.security.SecureClassLoader.defineClass(Ljava/lang/String;[BIILjava/security/CodeSource;)Ljava/lang/Class; java.base@17.0.3 (16 bytes) @ 0x0000014cae94fc5c [0x0000014cae94fae0+0x000000000000017c]
J 3812 c2 jdk.internal.loader.BuiltinClassLoader.findClassOnClassPathOrNull(Ljava/lang/String;)Ljava/lang/Class; java.base@17.0.3 (64 bytes) @ 0x0000014cae90e0c4 [0x0000014cae90c780+0x0000000000001944]
J 2635 c2 jdk.internal.loader.BuiltinClassLoader.loadClassOrNull(Ljava/lang/String;Z)Ljava/lang/Class; java.base@17.0.3 (143 bytes) @ 0x0000014cae7fe590 [0x0000014cae7fe1c0+0x00000000000003d0]
J 3845 c2 jdk.internal.loader.ClassLoaders$AppClassLoader.loadClass(Ljava/lang/String;Z)Ljava/lang/Class; java.base@17.0.3 (40 bytes) @ 0x0000014cae91c66c [0x0000014cae91c620+0x000000000000004c]
J 3659 c2 java.lang.ClassLoader.loadClass(Ljava/lang/String;)Ljava/lang/Class; java.base@17.0.3 (7 bytes) @ 0x0000014cae8bb240 [0x0000014cae8bb200+0x0000000000000040]
v  ~StubRoutines::call_stub
J 694  java.lang.ClassLoader.defineClass1(Ljava/lang/ClassLoader;Ljava/lang/String;[BIILjava/security/ProtectionDomain;Ljava/lang/String;)Ljava/lang/Class; java.base@17.0.3 (0 bytes) @ 0x0000014cae71955b [0x0000014cae7194a0+0x00000000000000bb]
J 4036 c2 java.security.SecureClassLoader.defineClass(Ljava/lang/String;[BIILjava/security/CodeSource;)Ljava/lang/Class; java.base@17.0.3 (16 bytes) @ 0x0000014cae94fc5c [0x0000014cae94fae0+0x000000000000017c]
J 3812 c2 jdk.internal.loader.BuiltinClassLoader.findClassOnClassPathOrNull(Ljava/lang/String;)Ljava/lang/Class; java.base@17.0.3 (64 bytes) @ 0x0000014cae90e0c4 [0x0000014cae90c780+0x0000000000001944]
J 2635 c2 jdk.internal.loader.BuiltinClassLoader.loadClassOrNull(Ljava/lang/String;Z)Ljava/lang/Class; java.base@17.0.3 (143 bytes) @ 0x0000014cae7fe590 [0x0000014cae7fe1c0+0x00000000000003d0]
J 3845 c2 jdk.internal.loader.ClassLoaders$AppClassLoader.loadClass(Ljava/lang/String;Z)Ljava/lang/Class; java.base@17.0.3 (40 bytes) @ 0x0000014cae91c66c [0x0000014cae91c620+0x000000000000004c]
J 3659 c2 java.lang.ClassLoader.loadClass(Ljava/lang/String;)Ljava/lang/Class; java.base@17.0.3 (7 bytes) @ 0x0000014cae8bb240 [0x0000014cae8bb200+0x0000000000000040]
v  ~StubRoutines::call_stub
j  org.thymeleaf.standard.StandardDialect.createStandardProcessorsSet(Ljava/lang/String;)Ljava/util/Set;+879
j  org.thymeleaf.spring5.dialect.SpringStandardDialect.createSpringStandardProcessorsSet(Ljava/lang/String;Z)Ljava/util/Set;+1
j  org.thymeleaf.spring5.dialect.SpringStandardDialect.getProcessors(Ljava/lang/String;)Ljava/util/Set;+5
j  org.thymeleaf.DialectSetConfiguration.build(Ljava/util/Set;)Lorg/thymeleaf/DialectSetConfiguration;+249
j  org.thymeleaf.EngineConfiguration.<init>(Ljava/util/Set;Ljava/util/Set;Ljava/util/Set;Ljava/util/Set;Lorg/thymeleaf/cache/ICacheManager;Lorg/thymeleaf/context/IEngineContextFactory;Lorg/thymeleaf/templateparser/markup/decoupled/IDecoupledTemplateLogicResolver;)V+185
j  org.thymeleaf.TemplateEngine.initialize()V+94
j  org.thymeleaf.TemplateEngine.getConfiguration()Lorg/thymeleaf/IEngineConfiguration;+8
j  org.thymeleaf.spring5.view.ThymeleafView.renderFragment(Ljava/util/Set;Ljava/util/Map;Ljavax/servlet/http/HttpServletRequest;Ljavax/servlet/http/HttpServletResponse;)V+251
j  org.thymeleaf.spring5.view.ThymeleafView.render(Ljava/util/Map;Ljavax/servlet/http/HttpServletRequest;Ljavax/servlet/http/HttpServletResponse;)V+8
j  org.springframework.web.servlet.DispatcherServlet.render(Lorg/springframework/web/servlet/ModelAndView;Ljavax/servlet/http/HttpServletRequest;Ljavax/servlet/http/HttpServletResponse;)V+259
j  org.springframework.web.servlet.DispatcherServlet.processDispatchResult(Ljavax/servlet/http/HttpServletRequest;Ljavax/servlet/http/HttpServletResponse;Lorg/springframework/web/servlet/HandlerExecutionChain;Lorg/springframework/web/servlet/ModelAndView;Ljava/lang/Exception;)V+98
j  org.springframework.web.servlet.DispatcherServlet.doDispatch(Ljavax/servlet/http/HttpServletRequest;Ljavax/servlet/http/HttpServletResponse;)V+360
j  org.springframework.web.servlet.DispatcherServlet.doService(Ljavax/servlet/http/HttpServletRequest;Ljavax/servlet/http/HttpServletResponse;)V+241
j  org.springframework.web.servlet.FrameworkServlet.processRequest(Ljavax/servlet/http/HttpServletRequest;Ljavax/servlet/http/HttpServletResponse;)V+71
j  org.springframework.web.servlet.FrameworkServlet.doGet(Ljavax/servlet/http/HttpServletRequest;Ljavax/servlet/http/HttpServletResponse;)V+3
j  javax.servlet.http.HttpServlet.service(Ljavax/servlet/http/HttpServletRequest;Ljavax/servlet/http/HttpServletResponse;)V+35
j  org.springframework.web.servlet.FrameworkServlet.service(Ljavax/servlet/http/HttpServletRequest;Ljavax/servlet/http/HttpServletResponse;)V+33
j  javax.servlet.http.HttpServlet.service(Ljavax/servlet/ServletRequest;Ljavax/servlet/ServletResponse;)V+36
j  org.apache.catalina.core.ApplicationFilterChain.internalDoFilter(Ljavax/servlet/ServletRequest;Ljavax/servlet/ServletResponse;)V+304
j  org.apache.catalina.core.ApplicationFilterChain.doFilter(Ljavax/servlet/ServletRequest;Ljavax/servlet/ServletResponse;)V+99
j  org.apache.tomcat.websocket.server.WsFilter.doFilter(Ljavax/servlet/ServletRequest;Ljavax/servlet/ServletResponse;Ljavax/servlet/FilterChain;)V+21
j  org.apache.catalina.core.ApplicationFilterChain.internalDoFilter(Ljavax/servlet/ServletRequest;Ljavax/servlet/ServletResponse;)V+135
j  org.apache.catalina.core.ApplicationFilterChain.doFilter(Ljavax/servlet/ServletRequest;Ljavax/servlet/ServletResponse;)V+99
j  org.springframework.web.filter.RequestContextFilter.doFilterInternal(Ljavax/servlet/http/HttpServletRequest;Ljavax/servlet/http/HttpServletResponse;Ljavax/servlet/FilterChain;)V+21
j  org.springframework.web.filter.OncePerRequestFilter.doFilter(Ljavax/servlet/ServletRequest;Ljavax/servlet/ServletResponse;Ljavax/servlet/FilterChain;)V+147
j  org.apache.catalina.core.ApplicationFilterChain.internalDoFilter(Ljavax/servlet/ServletRequest;Ljavax/servlet/ServletResponse;)V+135
j  org.apache.catalina.core.ApplicationFilterChain.doFilter(Ljavax/servlet/ServletRequest;Ljavax/servlet/ServletResponse;)V+99
j  org.springframework.web.filter.FormContentFilter.doFilterInternal(Ljavax/servlet/http/HttpServletRequest;Ljavax/servlet/http/HttpServletResponse;Ljavax/servlet/FilterChain;)V+38
j  org.springframework.web.filter.OncePerRequestFilter.doFilter(Ljavax/servlet/ServletRequest;Ljavax/servlet/ServletResponse;Ljavax/servlet/FilterChain;)V+147
j  org.apache.catalina.core.ApplicationFilterChain.internalDoFilter(Ljavax/servlet/ServletRequest;Ljavax/servlet/ServletResponse;)V+135
j  org.apache.catalina.core.ApplicationFilterChain.doFilter(Ljavax/servlet/ServletRequest;Ljavax/servlet/ServletResponse;)V+99
j  org.springframework.web.filter.CharacterEncodingFilter.doFilterInternal(Ljavax/servlet/http/HttpServletRequest;Ljavax/servlet/http/HttpServletResponse;Ljavax/servlet/FilterChain;)V+53
j  org.springframework.web.filter.OncePerRequestFilter.doFilter(Ljavax/servlet/ServletRequest;Ljavax/servlet/ServletResponse;Ljavax/servlet/FilterChain;)V+147
j  org.apache.catalina.core.ApplicationFilterChain.internalDoFilter(Ljavax/servlet/ServletRequest;Ljavax/servlet/ServletResponse;)V+135
j  org.apache.catalina.core.ApplicationFilterChain.doFilter(Ljavax/servlet/ServletRequest;Ljavax/servlet/ServletResponse;)V+99
j  org.apache.catalina.core.StandardWrapperValve.invoke(Lorg/apache/catalina/connector/Request;Lorg/apache/catalina/connector/Response;)V+514
j  org.apache.catalina.core.StandardContextValve.invoke(Lorg/apache/catalina/connector/Request;Lorg/apache/catalina/connector/Response;)V+169
j  org.apache.catalina.authenticator.AuthenticatorBase.invoke(Lorg/apache/catalina/connector/Request;Lorg/apache/catalina/connector/Response;)V+260
j  org.apache.catalina.core.StandardHostValve.invoke(Lorg/apache/catalina/connector/Request;Lorg/apache/catalina/connector/Response;)V+128
j  org.apache.catalina.valves.ErrorReportValve.invoke(Lorg/apache/catalina/connector/Request;Lorg/apache/catalina/connector/Response;)V+6
j  org.apache.catalina.core.StandardEngineValve.invoke(Lorg/apache/catalina/connector/Request;Lorg/apache/catalina/connector/Response;)V+59
j  org.apache.catalina.connector.CoyoteAdapter.service(Lorg/apache/coyote/Request;Lorg/apache/coyote/Response;)V+203
j  org.apache.coyote.http11.Http11Processor.service(Lorg/apache/tomcat/util/net/SocketWrapperBase;)Lorg/apache/tomcat/util/net/AbstractEndpoint$Handler$SocketState;+796
j  org.apache.coyote.AbstractProcessorLight.process(Lorg/apache/tomcat/util/net/SocketWrapperBase;Lorg/apache/tomcat/util/net/SocketEvent;)Lorg/apache/tomcat/util/net/AbstractEndpoint$Handler$SocketState;+170
j  org.apache.coyote.AbstractProtocol$ConnectionHandler.process(Lorg/apache/tomcat/util/net/SocketWrapperBase;Lorg/apache/tomcat/util/net/SocketEvent;)Lorg/apache/tomcat/util/net/AbstractEndpoint$Handler$SocketState;+489
j  org.apache.tomcat.util.net.NioEndpoint$SocketProcessor.doRun()V+249
j  org.apache.tomcat.util.net.SocketProcessorBase.run()V+21
j  org.apache.tomcat.util.threads.ThreadPoolExecutor.runWorker(Lorg/apache/tomcat/util/threads/ThreadPoolExecutor$Worker;)V+92
j  org.apache.tomcat.util.threads.ThreadPoolExecutor$Worker.run()V+5
j  org.apache.tomcat.util.threads.TaskThread$WrappingRunnable.run()V+4
j  java.lang.Thread.run()V+11 java.base@17.0.3
v  ~StubRoutines::call_stub

---------------  P R O C E S S  ---------------

Threads class SMR info:
_java_thread_list=0x0000014cc189afb0, length=31, elements={
0x0000014cbcb04be0, 0x0000014cbcb067a0, 0x0000014cbd50b490, 0x0000014cbd50bd50,
0x0000014cbd50cea0, 0x0000014cbd50d850, 0x0000014cbcb4f500, 0x0000014cbcb50a60,
0x0000014cbd53c000, 0x0000014cbcaa1c70, 0x0000014cbd6b4010, 0x0000014cc19d1040,
0x0000014cc19d1510, 0x0000014cc1a04070, 0x0000014cc1b7e5c0, 0x0000014cc0d02580,
0x0000014cc0d020b0, 0x0000014cc0d01710, 0x0000014cc0d01be0, 0x0000014cc0d008a0,
0x0000014cc0d02a50, 0x0000014cc0d02f20, 0x0000014cc0cff560, 0x0000014cc0cffa30,
0x0000014cc0cfff00, 0x0000014cc0d003d0, 0x0000014cc248abe0, 0x0000014cc2488a30,
0x0000014cc248a710, 0x0000014cc248b580, 0x0000014cbd837320
}

Java Threads: ( => current thread )
  0x0000014cbcb04be0 JavaThread "Reference Handler" daemon [_thread_blocked, id=12008, stack(0x0000001cf7800000,0x0000001cf7900000)]
  0x0000014cbcb067a0 JavaThread "Finalizer" daemon [_thread_blocked, id=10656, stack(0x0000001cf7900000,0x0000001cf7a00000)]
  0x0000014cbd50b490 JavaThread "Signal Dispatcher" daemon [_thread_blocked, id=9480, stack(0x0000001cf7a00000,0x0000001cf7b00000)]
  0x0000014cbd50bd50 JavaThread "Attach Listener" daemon [_thread_blocked, id=12420, stack(0x0000001cf7b00000,0x0000001cf7c00000)]
  0x0000014cbd50cea0 JavaThread "Service Thread" daemon [_thread_blocked, id=8504, stack(0x0000001cf7c00000,0x0000001cf7d00000)]
  0x0000014cbd50d850 JavaThread "Monitor Deflation Thread" daemon [_thread_blocked, id=16328, stack(0x0000001cf7d00000,0x0000001cf7e00000)]
  0x0000014cbcb4f500 JavaThread "C2 CompilerThread0" daemon [_thread_blocked, id=7132, stack(0x0000001cf7e00000,0x0000001cf7f00000)]
  0x0000014cbcb50a60 JavaThread "C1 CompilerThread0" daemon [_thread_blocked, id=8324, stack(0x0000001cf7f00000,0x0000001cf8000000)]
  0x0000014cbd53c000 JavaThread "Sweeper thread" daemon [_thread_blocked, id=16612, stack(0x0000001cf8000000,0x0000001cf8100000)]
  0x0000014cbcaa1c70 JavaThread "Notification Thread" daemon [_thread_blocked, id=9572, stack(0x0000001cf8100000,0x0000001cf8200000)]
  0x0000014cbd6b4010 JavaThread "Common-Cleaner" daemon [_thread_blocked, id=20096, stack(0x0000001cf8300000,0x0000001cf8400000)]
  0x0000014cc19d1040 JavaThread "HikariPool-1 housekeeper" daemon [_thread_blocked, id=13792, stack(0x0000001cf8b00000,0x0000001cf8c00000)]
  0x0000014cc19d1510 JavaThread "Catalina-utility-1" [_thread_blocked, id=8260, stack(0x0000001cf8c00000,0x0000001cf8d00000)]
  0x0000014cc1a04070 JavaThread "Catalina-utility-2" [_thread_blocked, id=12536, stack(0x0000001cf8d00000,0x0000001cf8e00000)]
  0x0000014cc1b7e5c0 JavaThread "container-0" [_thread_blocked, id=1844, stack(0x0000001cf8f00000,0x0000001cf9000000)]
  0x0000014cc0d02580 JavaThread "File Watcher" daemon [_thread_blocked, id=10432, stack(0x0000001cf9000000,0x0000001cf9100000)]
  0x0000014cc0d020b0 JavaThread "Live Reload Server" daemon [_thread_in_native, id=17104, stack(0x0000001cf9200000,0x0000001cf9300000)]
=>0x0000014cc0d01710 JavaThread "http-nio-8080-exec-1" daemon [_thread_in_vm, id=9300, stack(0x0000001cf9100000,0x0000001cf9200000)]
  0x0000014cc0d01be0 JavaThread "http-nio-8080-exec-2" daemon [_thread_blocked, id=11784, stack(0x0000001cf9300000,0x0000001cf9400000)]
  0x0000014cc0d008a0 JavaThread "http-nio-8080-exec-3" daemon [_thread_blocked, id=10376, stack(0x0000001cf9400000,0x0000001cf9500000)]
  0x0000014cc0d02a50 JavaThread "http-nio-8080-exec-4" daemon [_thread_blocked, id=4424, stack(0x0000001cf9500000,0x0000001cf9600000)]
  0x0000014cc0d02f20 JavaThread "http-nio-8080-exec-5" daemon [_thread_blocked, id=3860, stack(0x0000001cf9600000,0x0000001cf9700000)]
  0x0000014cc0cff560 JavaThread "http-nio-8080-exec-6" daemon [_thread_blocked, id=19948, stack(0x0000001cf9700000,0x0000001cf9800000)]
  0x0000014cc0cffa30 JavaThread "http-nio-8080-exec-7" daemon [_thread_blocked, id=17772, stack(0x0000001cf9800000,0x0000001cf9900000)]
  0x0000014cc0cfff00 JavaThread "http-nio-8080-exec-8" daemon [_thread_blocked, id=15224, stack(0x0000001cf9900000,0x0000001cf9a00000)]
  0x0000014cc0d003d0 JavaThread "http-nio-8080-exec-9" daemon [_thread_blocked, id=10648, stack(0x0000001cf9a00000,0x0000001cf9b00000)]
  0x0000014cc248abe0 JavaThread "http-nio-8080-exec-10" daemon [_thread_blocked, id=4300, stack(0x0000001cf9b00000,0x0000001cf9c00000)]
  0x0000014cc2488a30 JavaThread "http-nio-8080-Poller" daemon [_thread_in_native, id=20428, stack(0x0000001cf9c00000,0x0000001cf9d00000)]
  0x0000014cc248a710 JavaThread "http-nio-8080-Acceptor" daemon [_thread_in_native, id=10444, stack(0x0000001cf9d00000,0x0000001cf9e00000)]
  0x0000014cc248b580 JavaThread "DestroyJavaVM" [_thread_blocked, id=7792, stack(0x0000001cf7100000,0x0000001cf7200000)]
  0x0000014cbd837320 JavaThread "C2 CompilerThread1" daemon [_thread_in_native, id=9568, stack(0x0000001cf8400000,0x0000001cf8500000)]

Other Threads:
  0x0000014cbcb20110 VMThread "VM Thread" [stack: 0x0000001cf7700000,0x0000001cf7800000] [id=11368]
  0x0000014cbcaa2140 WatcherThread [stack: 0x0000001cf8200000,0x0000001cf8300000] [id=17220]
  0x0000014ca35b42d0 GCTaskThread "GC Thread#0" [stack: 0x0000001cf7200000,0x0000001cf7300000] [id=7528]
  0x0000014cbe085160 GCTaskThread "GC Thread#1" [stack: 0x0000001cf8500000,0x0000001cf8600000] [id=15972]
  0x0000014cbe085410 GCTaskThread "GC Thread#2" [stack: 0x0000001cf8600000,0x0000001cf8700000] [id=10784]
  0x0000014cbe2b7140 GCTaskThread "GC Thread#3" [stack: 0x0000001cf8700000,0x0000001cf8800000] [id=5668]
  0x0000014ca35c4ad0 ConcurrentGCThread "G1 Main Marker" [stack: 0x0000001cf7300000,0x0000001cf7400000] [id=1868]
  0x0000014ca35c54e0 ConcurrentGCThread "G1 Conc#0" [stack: 0x0000001cf7400000,0x0000001cf7500000] [id=2104]
  0x0000014cbc970090 ConcurrentGCThread "G1 Refine#0" [stack: 0x0000001cf7500000,0x0000001cf7600000] [id=880]
  0x0000014cbe2c3970 ConcurrentGCThread "G1 Refine#1" [stack: 0x0000001cf8800000,0x0000001cf8900000] [id=1724]
  0x0000014cbc970ab0 ConcurrentGCThread "G1 Service" [stack: 0x0000001cf7600000,0x0000001cf7700000] [id=13472]

Threads with active compile tasks:
C2 CompilerThread1    21065 4660       4       java.lang.Class::getMethodsRecursive (99 bytes)

VM state: not at safepoint (normal execution)

VM Mutex/Monitor currently owned by a thread: None

Heap address: 0x0000000083a00000, size: 1990 MB, Compressed Oops mode: 32-bit

CDS archive(s) not mapped
Compressed class space mapped at: 0x0000000100000000-0x0000000140000000, reserved size: 1073741824
Narrow klass base: 0x0000000000000000, Narrow klass shift: 3, Narrow klass range: 0x140000000

GC Precious Log:
 CPUs: 4 total, 4 available
 Memory: 7959M
 Large Page Support: Disabled
 NUMA Support: Disabled
 Compressed Oops: Enabled (32-bit)
 Heap Region Size: 1M
 Heap Min Capacity: 8M
 Heap Initial Capacity: 126M
 Heap Max Capacity: 1990M
 Pre-touch: Disabled
 Parallel Workers: 4
 Concurrent Workers: 1
 Concurrent Refinement Workers: 4
 Periodic GC: Disabled

Heap:
 garbage-first heap   total 46080K, used 26805K [0x0000000083a00000, 0x0000000100000000)
  region size 1024K, 5 young (5120K), 2 survivors (2048K)
 Metaspace       used 64619K, committed 65024K, reserved 1105920K
  class space    used 8277K, committed 8448K, reserved 1048576K

Heap Regions: E=young(eden), S=young(survivor), O=old, HS=humongous(starts), HC=humongous(continues), CS=collection set, F=free, OA=open archive, CA=closed archive, TAMS=top-at-mark-start (previous, next)
|   0|0x0000000083a00000, 0x0000000083b00000, 0x0000000083b00000|100%|HS|  |TAMS 0x0000000083b00000, 0x0000000083a00000| Complete 
|   1|0x0000000083b00000, 0x0000000083c00000, 0x0000000083c00000|100%| O|  |TAMS 0x0000000083c00000, 0x0000000083b00000| Untracked 
|   2|0x0000000083c00000, 0x0000000083d00000, 0x0000000083d00000|100%| O|  |TAMS 0x0000000083d00000, 0x0000000083c00000| Untracked 
|   3|0x0000000083d00000, 0x0000000083e00000, 0x0000000083e00000|100%| O|  |TAMS 0x0000000083e00000, 0x0000000083d00000| Untracked 
|   4|0x0000000083e00000, 0x0000000083f00000, 0x0000000083f00000|100%| O|  |TAMS 0x0000000083f00000, 0x0000000083e00000| Untracked 
|   5|0x0000000083f00000, 0x0000000084000000, 0x0000000084000000|100%| O|  |TAMS 0x0000000084000000, 0x0000000083f00000| Untracked 
|   6|0x0000000084000000, 0x0000000084100000, 0x0000000084100000|100%| O|  |TAMS 0x0000000084100000, 0x0000000084000000| Untracked 
|   7|0x0000000084100000, 0x0000000084200000, 0x0000000084200000|100%| O|  |TAMS 0x0000000084200000, 0x0000000084100000| Untracked 
|   8|0x0000000084200000, 0x0000000084300000, 0x0000000084300000|100%| O|  |TAMS 0x0000000084300000, 0x0000000084200000| Untracked 
|   9|0x0000000084300000, 0x0000000084400000, 0x0000000084400000|100%| O|  |TAMS 0x0000000084400000, 0x0000000084300000| Untracked 
|  10|0x0000000084400000, 0x0000000084500000, 0x0000000084500000|100%| O|  |TAMS 0x0000000084500000, 0x0000000084400000| Untracked 
|  11|0x0000000084500000, 0x0000000084600000, 0x0000000084600000|100%| O|  |TAMS 0x0000000084600000, 0x0000000084500000| Untracked 
|  12|0x0000000084600000, 0x0000000084700000, 0x0000000084700000|100%| O|  |TAMS 0x0000000084700000, 0x0000000084600000| Untracked 
|  13|0x0000000084700000, 0x0000000084800000, 0x0000000084800000|100%| O|  |TAMS 0x0000000084800000, 0x0000000084700000| Untracked 
|  14|0x0000000084800000, 0x0000000084900000, 0x0000000084900000|100%| O|  |TAMS 0x0000000084900000, 0x0000000084800000| Untracked 
|  15|0x0000000084900000, 0x0000000084a00000, 0x0000000084a00000|100%| O|  |TAMS 0x0000000084a00000, 0x0000000084900000| Untracked 
|  16|0x0000000084a00000, 0x0000000084b00000, 0x0000000084b00000|100%| O|  |TAMS 0x0000000084b00000, 0x0000000084a00000| Untracked 
|  17|0x0000000084b00000, 0x0000000084c00000, 0x0000000084c00000|100%| O|  |TAMS 0x0000000084c00000, 0x0000000084b00000| Untracked 
|  18|0x0000000084c00000, 0x0000000084d00000, 0x0000000084d00000|100%| O|  |TAMS 0x0000000084d00000, 0x0000000084c00000| Untracked 
|  19|0x0000000084d00000, 0x0000000084e00000, 0x0000000084e00000|100%| O|  |TAMS 0x0000000084d30600, 0x0000000084d00000| Untracked 
|  20|0x0000000084e00000, 0x0000000084f00000, 0x0000000084f00000|100%| O|  |TAMS 0x0000000084e00000, 0x0000000084e00000| Untracked 
|  21|0x0000000084f00000, 0x0000000085000000, 0x0000000085000000|100%| O|  |TAMS 0x0000000084f00000, 0x0000000084f00000| Untracked 
|  22|0x0000000085000000, 0x0000000085100000, 0x0000000085100000|100%| O|  |TAMS 0x0000000085000000, 0x0000000085000000| Untracked 
|  23|0x0000000085100000, 0x000000008511bc00, 0x0000000085200000| 10%| O|  |TAMS 0x0000000085100000, 0x0000000085100000| Untracked 
|  24|0x0000000085200000, 0x0000000085200000, 0x0000000085300000|  0%| F|  |TAMS 0x0000000085200000, 0x0000000085200000| Untracked 
|  25|0x0000000085300000, 0x0000000085300000, 0x0000000085400000|  0%| F|  |TAMS 0x0000000085300000, 0x0000000085300000| Untracked 
|  26|0x0000000085400000, 0x0000000085400000, 0x0000000085500000|  0%| F|  |TAMS 0x0000000085400000, 0x0000000085400000| Untracked 
|  27|0x0000000085500000, 0x0000000085500000, 0x0000000085600000|  0%| F|  |TAMS 0x0000000085500000, 0x0000000085500000| Untracked 
|  28|0x0000000085600000, 0x0000000085600000, 0x0000000085700000|  0%| F|  |TAMS 0x0000000085600000, 0x0000000085600000| Untracked 
|  29|0x0000000085700000, 0x0000000085711bd0, 0x0000000085800000|  6%| S|CS|TAMS 0x0000000085700000, 0x0000000085700000| Complete 
|  30|0x0000000085800000, 0x0000000085900000, 0x0000000085900000|100%| S|CS|TAMS 0x0000000085800000, 0x0000000085800000| Complete 
|  31|0x0000000085900000, 0x0000000085900000, 0x0000000085a00000|  0%| F|  |TAMS 0x0000000085900000, 0x0000000085900000| Untracked 
|  32|0x0000000085a00000, 0x0000000085a00000, 0x0000000085b00000|  0%| F|  |TAMS 0x0000000085a00000, 0x0000000085a00000| Untracked 
|  33|0x0000000085b00000, 0x0000000085b00000, 0x0000000085c00000|  0%| F|  |TAMS 0x0000000085b00000, 0x0000000085b00000| Untracked 
|  34|0x0000000085c00000, 0x0000000085c00000, 0x0000000085d00000|  0%| F|  |TAMS 0x0000000085c00000, 0x0000000085c00000| Untracked 
|  35|0x0000000085d00000, 0x0000000085d00000, 0x0000000085e00000|  0%| F|  |TAMS 0x0000000085d00000, 0x0000000085d00000| Untracked 
|  36|0x0000000085e00000, 0x0000000085e00000, 0x0000000085f00000|  0%| F|  |TAMS 0x0000000085e00000, 0x0000000085e00000| Untracked 
|  37|0x0000000085f00000, 0x0000000085f00000, 0x0000000086000000|  0%| F|  |TAMS 0x0000000085f00000, 0x0000000085f00000| Untracked 
|  38|0x0000000086000000, 0x0000000086000000, 0x0000000086100000|  0%| F|  |TAMS 0x0000000086000000, 0x0000000086000000| Untracked 
|  39|0x0000000086100000, 0x0000000086100000, 0x0000000086200000|  0%| F|  |TAMS 0x0000000086100000, 0x0000000086100000| Untracked 
|  98|0x0000000089c00000, 0x0000000089c00000, 0x0000000089d00000|  0%| F|  |TAMS 0x0000000089c00000, 0x0000000089c00000| Untracked 
|  99|0x0000000089d00000, 0x0000000089d00000, 0x0000000089e00000|  0%| F|  |TAMS 0x0000000089d00000, 0x0000000089d00000| Untracked 
| 100|0x0000000089e00000, 0x0000000089e35a28, 0x0000000089f00000| 20%| E|  |TAMS 0x0000000089e00000, 0x0000000089e00000| Complete 
| 124|0x000000008b600000, 0x000000008b700000, 0x000000008b700000|100%| E|CS|TAMS 0x000000008b600000, 0x000000008b600000| Complete 
| 125|0x000000008b700000, 0x000000008b800000, 0x000000008b800000|100%| E|CS|TAMS 0x000000008b700000, 0x000000008b700000| Complete 

Card table byte_map: [0x0000014cb6000000,0x0000014cb63f0000] _byte_map_base: 0x0000014cb5be3000

Marking Bits (Prev, Next): (CMBitMap*) 0x0000014ca35b4920, (CMBitMap*) 0x0000014ca35b48e0
 Prev Bits: [0x0000014cb8700000, 0x0000014cba618000)
 Next Bits: [0x0000014cb67e0000, 0x0000014cb86f8000)

Polling page: 0x0000014ca14d0000

Metaspace:

Usage:
  Non-class:     55.02 MB used.
      Class:      8.08 MB used.
       Both:     63.11 MB used.

Virtual space:
  Non-class space:       56.00 MB reserved,      55.25 MB ( 99%) committed,  7 nodes.
      Class space:        1.00 GB reserved,       8.25 MB ( <1%) committed,  1 nodes.
             Both:        1.05 GB reserved,      63.50 MB (  6%) committed. 

Chunk freelists:
   Non-Class:  752.00 KB
       Class:  3.66 MB
        Both:  4.39 MB

MaxMetaspaceSize: unlimited
CompressedClassSpaceSize: 1.00 GB
Initial GC threshold: 21.00 MB
Current GC threshold: 99.19 MB
CDS: off
MetaspaceReclaimPolicy: balanced
 - commit_granule_bytes: 65536.
 - commit_granule_words: 8192.
 - virtual_space_node_default_size: 1048576.
 - enlarge_chunks_in_place: 1.
 - new_chunks_are_fully_committed: 0.
 - uncommit_free_chunks: 1.
 - use_allocation_guard: 0.
 - handle_deallocations: 1.


Internal statistics:

num_allocs_failed_limit: 11.
num_arena_births: 334.
num_arena_deaths: 0.
num_vsnodes_births: 8.
num_vsnodes_deaths: 0.
num_space_committed: 1016.
num_space_uncommitted: 0.
num_chunks_returned_to_freelist: 11.
num_chunks_taken_from_freelist: 2355.
num_chunk_merges: 8.
num_chunk_splits: 1729.
num_chunks_enlarged: 1421.
num_purges: 0.
num_inconsistent_stats: 0.

CodeHeap 'non-profiled nmethods': size=120000Kb used=2433Kb max_used=2657Kb free=117566Kb
 bounds [0x0000014cae6e0000, 0x0000014cae9b0000, 0x0000014cb5c10000]
CodeHeap 'profiled nmethods': size=120000Kb used=7636Kb max_used=9092Kb free=112363Kb
 bounds [0x0000014ca71b0000, 0x0000014ca7aa0000, 0x0000014cae6e0000]
CodeHeap 'non-nmethods': size=5760Kb used=1317Kb max_used=1348Kb free=4442Kb
 bounds [0x0000014ca6c10000, 0x0000014ca6e80000, 0x0000014ca71b0000]
 total_blobs=4579 nmethods=3947 adapters=543
 compilation: enabled
              stopped_count=0, restarted_count=0
 full_count=0

Compilation events (20 events):
Event: 20.949 Thread 0x0000014cbcb50a60 4664       3       org.thymeleaf.util.TextUtils::startsWith (102 bytes)
Event: 20.950 Thread 0x0000014cbcb50a60 nmethod 4664 0x0000014ca72b0e10 code [0x0000014ca72b1080, 0x0000014ca72b1c68]
Event: 20.950 Thread 0x0000014cbcb50a60 4667       3       org.thymeleaf.util.TextUtils::compareTo (170 bytes)
Event: 20.952 Thread 0x0000014cbcb50a60 nmethod 4667 0x0000014ca72c5390 code [0x0000014ca72c5680, 0x0000014ca72c6618]
Event: 20.952 Thread 0x0000014cbcb50a60 4668       3       java.util.concurrent.locks.ReentrantReadWriteLock$Sync::exclusiveCount (5 bytes)
Event: 20.952 Thread 0x0000014cbcb50a60 nmethod 4668 0x0000014ca722aa10 code [0x0000014ca722aba0, 0x0000014ca722ac98]
Event: 20.952 Thread 0x0000014cbcb50a60 4666       1       org.thymeleaf.templatemode.TemplateMode::isCaseSensitive (5 bytes)
Event: 20.953 Thread 0x0000014cbcb50a60 nmethod 4666 0x0000014cae7a7090 code [0x0000014cae7a7220, 0x0000014cae7a72f8]
Event: 20.954 Thread 0x0000014cbcb50a60 4669       3       org.thymeleaf.util.Validate::notNull (14 bytes)
Event: 20.955 Thread 0x0000014cbcb50a60 nmethod 4669 0x0000014ca71b5f90 code [0x0000014ca71b6140, 0x0000014ca71b6328]
Event: 20.982 Thread 0x0000014cbcb50a60 4670       3       java.util.concurrent.locks.AbstractQueuedSynchronizer::hasQueuedPredecessors (58 bytes)
Event: 20.982 Thread 0x0000014cbcb50a60 nmethod 4670 0x0000014ca72b0890 code [0x0000014ca72b0a40, 0x0000014ca72b0d48]
Event: 20.983 Thread 0x0000014cbcb50a60 4672       3       org.thymeleaf.engine.AttributeNames$AttributeNamesRepository::binarySearch (83 bytes)
Event: 20.984 Thread 0x0000014cbcb50a60 nmethod 4672 0x0000014ca7325d90 code [0x0000014ca7325f80, 0x0000014ca7326508]
Event: 20.984 Thread 0x0000014cbcb50a60 4671       3       org.thymeleaf.engine.AttributeNames$AttributeNamesRepository::binarySearch (287 bytes)
Event: 20.989 Thread 0x0000014cbcb50a60 nmethod 4671 0x0000014ca750a910 code [0x0000014ca750ad40, 0x0000014ca750ca88]
Event: 20.989 Thread 0x0000014cbcb50a60 4673       1       org.thymeleaf.templatemode.TemplateMode::isText (5 bytes)
Event: 20.989 Thread 0x0000014cbcb50a60 nmethod 4673 0x0000014cae7a6d90 code [0x0000014cae7a6f20, 0x0000014cae7a6ff8]
Event: 20.989 Thread 0x0000014cbcb50a60 4674       3       java.util.concurrent.locks.AbstractQueuedSynchronizer::releaseShared (19 bytes)
Event: 20.990 Thread 0x0000014cbcb50a60 nmethod 4674 0x0000014ca73c2010 code [0x0000014ca73c2200, 0x0000014ca73c2668]

GC Heap History (20 events):
Event: 3.540 GC heap before
{Heap before GC invocations=8 (full 0):
 garbage-first heap   total 37888K, used 26620K [0x0000000083a00000, 0x0000000100000000)
  region size 1024K, 16 young (16384K), 3 survivors (3072K)
 Metaspace       used 34463K, committed 34752K, reserved 1081344K
  class space    used 4030K, committed 4160K, reserved 1048576K
}
Event: 3.544 GC heap after
{Heap after GC invocations=9 (full 0):
 garbage-first heap   total 37888K, used 15009K [0x0000000083a00000, 0x0000000100000000)
  region size 1024K, 2 young (2048K), 2 survivors (2048K)
 Metaspace       used 34463K, committed 34752K, reserved 1081344K
  class space    used 4030K, committed 4160K, reserved 1048576K
}
Event: 3.811 GC heap before
{Heap before GC invocations=9 (full 0):
 garbage-first heap   total 37888K, used 23201K [0x0000000083a00000, 0x0000000100000000)
  region size 1024K, 12 young (12288K), 2 survivors (2048K)
 Metaspace       used 35779K, committed 36096K, reserved 1081344K
  class space    used 4160K, committed 4288K, reserved 1048576K
}
Event: 3.815 GC heap after
{Heap after GC invocations=10 (full 0):
 garbage-first heap   total 46080K, used 15709K [0x0000000083a00000, 0x0000000100000000)
  region size 1024K, 1 young (1024K), 1 survivors (1024K)
 Metaspace       used 35779K, committed 36096K, reserved 1081344K
  class space    used 4160K, committed 4288K, reserved 1048576K
}
Event: 4.333 GC heap before
{Heap before GC invocations=11 (full 0):
 garbage-first heap   total 46080K, used 33117K [0x0000000083a00000, 0x0000000100000000)
  region size 1024K, 19 young (19456K), 1 survivors (1024K)
 Metaspace       used 41040K, committed 41408K, reserved 1089536K
  class space    used 4780K, committed 4928K, reserved 1048576K
}
Event: 4.338 GC heap after
{Heap after GC invocations=12 (full 0):
 garbage-first heap   total 46080K, used 17368K [0x0000000083a00000, 0x0000000100000000)
  region size 1024K, 3 young (3072K), 3 survivors (3072K)
 Metaspace       used 41040K, committed 41408K, reserved 1089536K
  class space    used 4780K, committed 4928K, reserved 1048576K
}
Event: 4.854 GC heap before
{Heap before GC invocations=12 (full 0):
 garbage-first heap   total 46080K, used 32728K [0x0000000083a00000, 0x0000000100000000)
  region size 1024K, 19 young (19456K), 3 survivors (3072K)
 Metaspace       used 45296K, committed 45568K, reserved 1089536K
  class space    used 5453K, committed 5568K, reserved 1048576K
}
Event: 4.857 GC heap after
{Heap after GC invocations=13 (full 0):
 garbage-first heap   total 46080K, used 18131K [0x0000000083a00000, 0x0000000100000000)
  region size 1024K, 1 young (1024K), 1 survivors (1024K)
 Metaspace       used 45296K, committed 45568K, reserved 1089536K
  class space    used 5453K, committed 5568K, reserved 1048576K
}
Event: 5.324 GC heap before
{Heap before GC invocations=13 (full 0):
 garbage-first heap   total 46080K, used 34515K [0x0000000083a00000, 0x0000000100000000)
  region size 1024K, 18 young (18432K), 1 survivors (1024K)
 Metaspace       used 50322K, committed 50688K, reserved 1097728K
  class space    used 6267K, committed 6464K, reserved 1048576K
}
Event: 5.327 GC heap after
{Heap after GC invocations=14 (full 0):
 garbage-first heap   total 46080K, used 19031K [0x0000000083a00000, 0x0000000100000000)
  region size 1024K, 2 young (2048K), 2 survivors (2048K)
 Metaspace       used 50322K, committed 50688K, reserved 1097728K
  class space    used 6267K, committed 6464K, reserved 1048576K
}
Event: 5.736 GC heap before
{Heap before GC invocations=14 (full 0):
 garbage-first heap   total 46080K, used 35415K [0x0000000083a00000, 0x0000000100000000)
  region size 1024K, 18 young (18432K), 2 survivors (2048K)
 Metaspace       used 54745K, committed 55040K, reserved 1097728K
  class space    used 6999K, committed 7168K, reserved 1048576K
}
Event: 5.740 GC heap after
{Heap after GC invocations=15 (full 0):
 garbage-first heap   total 46080K, used 19748K [0x0000000083a00000, 0x0000000100000000)
  region size 1024K, 2 young (2048K), 2 survivors (2048K)
 Metaspace       used 54745K, committed 55040K, reserved 1097728K
  class space    used 6999K, committed 7168K, reserved 1048576K
}
Event: 6.093 GC heap before
{Heap before GC invocations=15 (full 0):
 garbage-first heap   total 46080K, used 36132K [0x0000000083a00000, 0x0000000100000000)
  region size 1024K, 18 young (18432K), 2 survivors (2048K)
 Metaspace       used 57223K, committed 57536K, reserved 1105920K
  class space    used 7322K, committed 7488K, reserved 1048576K
}
Event: 6.098 GC heap after
{Heap after GC invocations=16 (full 0):
 garbage-first heap   total 46080K, used 20976K [0x0000000083a00000, 0x0000000100000000)
  region size 1024K, 2 young (2048K), 2 survivors (2048K)
 Metaspace       used 57223K, committed 57536K, reserved 1105920K
  class space    used 7322K, committed 7488K, reserved 1048576K
}
Event: 6.498 GC heap before
{Heap before GC invocations=16 (full 0):
 garbage-first heap   total 46080K, used 36336K [0x0000000083a00000, 0x0000000100000000)
  region size 1024K, 17 young (17408K), 2 survivors (2048K)
 Metaspace       used 59171K, committed 59456K, reserved 1105920K
  class space    used 7597K, committed 7744K, reserved 1048576K
}
Event: 6.504 GC heap after
{Heap after GC invocations=17 (full 0):
 garbage-first heap   total 46080K, used 22493K [0x0000000083a00000, 0x0000000100000000)
  region size 1024K, 3 young (3072K), 3 survivors (3072K)
 Metaspace       used 59171K, committed 59456K, reserved 1105920K
  class space    used 7597K, committed 7744K, reserved 1048576K
}
Event: 6.748 GC heap before
{Heap before GC invocations=17 (full 0):
 garbage-first heap   total 46080K, used 32733K [0x0000000083a00000, 0x0000000100000000)
  region size 1024K, 14 young (14336K), 3 survivors (3072K)
 Metaspace       used 60446K, committed 60736K, reserved 1105920K
  class space    used 7758K, committed 7872K, reserved 1048576K
}
Event: 6.754 GC heap after
{Heap after GC invocations=18 (full 0):
 garbage-first heap   total 46080K, used 23777K [0x0000000083a00000, 0x0000000100000000)
  region size 1024K, 2 young (2048K), 2 survivors (2048K)
 Metaspace       used 60446K, committed 60736K, reserved 1105920K
  class space    used 7758K, committed 7872K, reserved 1048576K
}
Event: 20.845 GC heap before
{Heap before GC invocations=19 (full 0):
 garbage-first heap   total 46080K, used 35041K [0x0000000083a00000, 0x0000000100000000)
  region size 1024K, 14 young (14336K), 2 survivors (2048K)
 Metaspace       used 64152K, committed 64448K, reserved 1105920K
  class space    used 8208K, committed 8384K, reserved 1048576K
}
Event: 20.855 GC heap after
{Heap after GC invocations=20 (full 0):
 garbage-first heap   total 46080K, used 24757K [0x0000000083a00000, 0x0000000100000000)
  region size 1024K, 2 young (2048K), 2 survivors (2048K)
 Metaspace       used 64152K, committed 64448K, reserved 1105920K
  class space    used 8208K, committed 8384K, reserved 1048576K
}

Deoptimization events (20 events):
Event: 14.225 Thread 0x0000014cc19d1510 Uncommon trap: trap_request=0xffffffbe fr.pc=0x0000014cae9656a8 relative=0x00000000000029e8
Event: 14.225 Thread 0x0000014cc19d1510 Uncommon trap: reason=profile_predicate action=maybe_recompile pc=0x0000014cae9656a8 method=java.util.TreeMap.put(Ljava/lang/Object;Ljava/lang/Object;Z)Ljava/lang/Object; @ 27 c2
Event: 14.225 Thread 0x0000014cc19d1510 DEOPT PACKING pc=0x0000014cae9656a8 sp=0x0000001cf8cfea50
Event: 14.225 Thread 0x0000014cc19d1510 DEOPT UNPACKING pc=0x0000014ca6c65c23 sp=0x0000001cf8cfea20 mode 2
Event: 14.225 Thread 0x0000014cc19d1510 Uncommon trap: trap_request=0xffffffbe fr.pc=0x0000014cae9656a8 relative=0x00000000000029e8
Event: 14.225 Thread 0x0000014cc19d1510 Uncommon trap: reason=profile_predicate action=maybe_recompile pc=0x0000014cae9656a8 method=java.util.TreeMap.put(Ljava/lang/Object;Ljava/lang/Object;Z)Ljava/lang/Object; @ 27 c2
Event: 14.225 Thread 0x0000014cc19d1510 DEOPT PACKING pc=0x0000014cae9656a8 sp=0x0000001cf8cfea50
Event: 14.225 Thread 0x0000014cc19d1510 DEOPT UNPACKING pc=0x0000014ca6c65c23 sp=0x0000001cf8cfea20 mode 2
Event: 20.293 Thread 0x0000014cc0d01710 Uncommon trap: trap_request=0xffffff45 fr.pc=0x0000014cae7a3fc4 relative=0x0000000000000124
Event: 20.293 Thread 0x0000014cc0d01710 Uncommon trap: reason=unstable_if action=reinterpret pc=0x0000014cae7a3fc4 method=java.util.HashMap.getNode(Ljava/lang/Object;)Ljava/util/HashMap$Node; @ 66 c2
Event: 20.293 Thread 0x0000014cc0d01710 DEOPT PACKING pc=0x0000014cae7a3fc4 sp=0x0000001cf91fcbf0
Event: 20.293 Thread 0x0000014cc0d01710 DEOPT UNPACKING pc=0x0000014ca6c65c23 sp=0x0000001cf91fcb70 mode 2
Event: 20.408 Thread 0x0000014cc0d01710 Uncommon trap: trap_request=0xffffff45 fr.pc=0x0000014cae887208 relative=0x00000000000001e8
Event: 20.408 Thread 0x0000014cc0d01710 Uncommon trap: reason=unstable_if action=reinterpret pc=0x0000014cae887208 method=java.util.StringTokenizer.skipDelimiters(I)I @ 21 c2
Event: 20.408 Thread 0x0000014cc0d01710 DEOPT PACKING pc=0x0000014cae887208 sp=0x0000001cf91f9a20
Event: 20.408 Thread 0x0000014cc0d01710 DEOPT UNPACKING pc=0x0000014ca6c65c23 sp=0x0000001cf91f99c0 mode 2
Event: 20.408 Thread 0x0000014cc0d01710 Uncommon trap: trap_request=0xffffff45 fr.pc=0x0000014cae8761f8 relative=0x0000000000000258
Event: 20.408 Thread 0x0000014cc0d01710 Uncommon trap: reason=unstable_if action=reinterpret pc=0x0000014cae8761f8 method=java.util.StringTokenizer.scanToken(I)I @ 96 c2
Event: 20.408 Thread 0x0000014cc0d01710 DEOPT PACKING pc=0x0000014cae8761f8 sp=0x0000001cf91f9a20
Event: 20.408 Thread 0x0000014cc0d01710 DEOPT UNPACKING pc=0x0000014ca6c65c23 sp=0x0000001cf91f99c0 mode 2

Classes unloaded (0 events):
No events

Classes redefined (0 events):
No events

Internal exceptions (20 events):
Event: 6.175 Thread 0x0000014cbdf98240 Exception <a 'java/lang/ClassNotFoundException'{0x0000000089d37398}: java/lang/ObjectCustomizer> (0x0000000089d37398) 
thrown [e:\jenkins\tmp\workspace\build\src\src\hotspot\share\classfile\systemDictionary.cpp, line 256]
Event: 6.176 Thread 0x0000014cbdf98240 Exception <a 'java/lang/ClassNotFoundException'{0x0000000089d3f500}: org/springframework/web/servlet/config/annotation/WebMvcConfigurationSupportCustomizer> (0x0000000089d3f500) 
thrown [e:\jenkins\tmp\workspace\build\src\src\hotspot\share\classfile\systemDictionary.cpp, line 256]
Event: 6.177 Thread 0x0000014cbdf98240 Exception <a 'java/lang/ClassNotFoundException'{0x0000000089d53d08}: org/springframework/web/servlet/config/annotation/DelegatingWebMvcConfigurationCustomizer> (0x0000000089d53d08) 
thrown [e:\jenkins\tmp\workspace\build\src\src\hotspot\share\classfile\systemDictionary.cpp, line 256]
Event: 6.178 Thread 0x0000014cbdf98240 Exception <a 'java/lang/ClassNotFoundException'{0x0000000089d5d4f0}: org/springframework/boot/autoconfigure/web/servlet/WebMvcAutoConfiguration$EnableWebMvcConfigurationCustomizer> (0x0000000089d5d4f0) 
thrown [e:\jenkins\tmp\workspace\build\src\src\hotspot\share\classfile\systemDictionary.cpp, line 256]
Event: 6.179 Thread 0x0000014cbdf98240 Exception <a 'java/lang/ClassNotFoundException'{0x0000000089d6f9e8}: org/springframework/context/ResourceLoaderAwareCustomizer> (0x0000000089d6f9e8) 
thrown [e:\jenkins\tmp\workspace\build\src\src\hotspot\share\classfile\systemDictionary.cpp, line 256]
Event: 6.180 Thread 0x0000014cbdf98240 Exception <a 'java/lang/ClassNotFoundException'{0x0000000089d74cb8}: org/springframework/beans/factory/AwareCustomizer> (0x0000000089d74cb8) 
thrown [e:\jenkins\tmp\workspace\build\src\src\hotspot\share\classfile\systemDictionary.cpp, line 256]
Event: 6.180 Thread 0x0000014cbdf98240 Exception <a 'java/lang/ClassNotFoundException'{0x0000000089d793a0}: org/springframework/context/ApplicationContextAwareCustomizer> (0x0000000089d793a0) 
thrown [e:\jenkins\tmp\workspace\build\src\src\hotspot\share\classfile\systemDictionary.cpp, line 256]
Event: 6.180 Thread 0x0000014cbdf98240 Exception <a 'java/lang/ClassNotFoundException'{0x0000000089d7f160}: org/springframework/beans/factory/AwareCustomizer> (0x0000000089d7f160) 
thrown [e:\jenkins\tmp\workspace\build\src\src\hotspot\share\classfile\systemDictionary.cpp, line 256]
Event: 6.181 Thread 0x0000014cbdf98240 Exception <a 'java/lang/ClassNotFoundException'{0x0000000089d83820}: org/springframework/web/context/ServletContextAwareCustomizer> (0x0000000089d83820) 
thrown [e:\jenkins\tmp\workspace\build\src\src\hotspot\share\classfile\systemDictionary.cpp, line 256]
Event: 6.181 Thread 0x0000014cbdf98240 Exception <a 'java/lang/ClassNotFoundException'{0x0000000089d88f28}: org/springframework/beans/factory/AwareCustomizer> (0x0000000089d88f28) 
thrown [e:\jenkins\tmp\workspace\build\src\src\hotspot\share\classfile\systemDictionary.cpp, line 256]
Event: 6.363 Thread 0x0000014cbdf98240 Exception <a 'java/lang/NoSuchMethodError'{0x0000000085dee820}: 'void java.lang.invoke.DirectMethodHandle$Holder.invokeVirtual(java.lang.Object, java.lang.Object, int)'> (0x0000000085dee820) 
thrown [e:\jenkins\tmp\workspace\build\src\src\hotspot\share\interpreter\linkResolver.cpp, line 766]
Event: 6.366 Thread 0x0000014cbdf98240 Exception <a 'java/lang/NoSuchMethodError'{0x0000000085c096b8}: 'void java.lang.invoke.DirectMethodHandle$Holder.invokeVirtual(java.lang.Object, java.lang.Object, long)'> (0x0000000085c096b8) 
thrown [e:\jenkins\tmp\workspace\build\src\src\hotspot\share\interpreter\linkResolver.cpp, line 766]
Event: 6.517 Thread 0x0000014cbdf98240 Exception <a 'java/lang/IncompatibleClassChangeError'{0x000000008b754b88}: Found class java.lang.Object, but interface was expected> (0x000000008b754b88) 
thrown [e:\jenkins\tmp\workspace\build\src\src\hotspot\share\interpreter\linkResolver.cpp, line 833]
Event: 6.555 Thread 0x0000014cbdf98240 Exception <a 'java/lang/NoSuchMethodError'{0x000000008b6d0868}: 'int java.lang.invoke.DirectMethodHandle$Holder.invokeStaticInit(java.lang.Object, java.lang.Object, java.lang.Object, java.lang.Object)'> (0x000000008b6d0868) 
thrown [e:\jenkins\tmp\workspace\build\src\src\hotspot\share\interpreter\linkResolver.cpp, line 766]
Event: 6.620 Thread 0x0000014cbdf98240 Implicit null exception at 0x0000014cae8113ba to 0x0000014cae8115b0
Event: 6.711 Thread 0x0000014cbdf98240 Exception <a 'java/lang/NoSuchMethodError'{0x0000000085e83f58}: 'java.lang.Object java.lang.invoke.DirectMethodHandle$Holder.invokeSpecial(java.lang.Object, java.lang.Object, int, java.lang.Object, int, java.lang.Object)'> (0x0000000085e83f58) 
thrown [e:\jenkins\tmp\workspace\build\src\src\hotspot\share\interpreter\linkResolver.cpp, line 766]
Event: 6.711 Thread 0x0000014cbdf98240 Exception <a 'java/lang/NoSuchMethodError'{0x0000000085e8c000}: 'java.lang.Object java.lang.invoke.DirectMethodHandle$Holder.newInvokeSpecial(java.lang.Object, java.lang.Object, int, java.lang.Object, int)'> (0x0000000085e8c000) 
thrown [e:\jenkins\tmp\workspace\build\src\src\hotspot\share\interpreter\linkResolver.cpp, line 766]
Event: 6.712 Thread 0x0000014cbdf98240 Exception <a 'java/lang/NoSuchMethodError'{0x0000000085e90100}: 'java.lang.Object java.lang.invoke.DirectMethodHandle$Holder.invokeSpecial(java.lang.Object, java.lang.Object, java.lang.Object, int, java.lang.Object, int)'> (0x0000000085e90100) 
thrown [e:\jenkins\tmp\workspace\build\src\src\hotspot\share\interpreter\linkResolver.cpp, line 766]
Event: 6.713 Thread 0x0000014cbdf98240 Exception <a 'java/lang/NoSuchMethodError'{0x0000000085e99fa8}: 'void java.lang.invoke.DirectMethodHandle$Holder.invokeVirtual(java.lang.Object, java.lang.Object)'> (0x0000000085e99fa8) 
thrown [e:\jenkins\tmp\workspace\build\src\src\hotspot\share\interpreter\linkResolver.cpp, line 766]
Event: 20.682 Thread 0x0000014cc0d01710 Exception <a 'java/lang/NoSuchMethodError'{0x0000000085c4dec0}: 'java.lang.Object java.lang.invoke.DirectMethodHandle$Holder.invokeInterface(java.lang.Object, java.lang.Object, java.lang.Object, java.lang.Object)'> (0x0000000085c4dec0) 
thrown [e:\jenkins\tmp\workspace\build\src\src\hotspot\share\interpreter\linkResolver.cpp, line 766]

VM Operations (20 events):
Event: 6.791 Executing VM operation: HandshakeAllThreads
Event: 6.805 Executing VM operation: HandshakeAllThreads done
Event: 6.805 Executing VM operation: G1Concurrent
Event: 6.809 Executing VM operation: G1Concurrent done
Event: 6.831 Executing VM operation: G1Concurrent
Event: 6.844 Executing VM operation: G1Concurrent done
Event: 18.967 Executing VM operation: Cleanup
Event: 18.967 Executing VM operation: Cleanup done
Event: 20.099 Executing VM operation: HandshakeAllThreads
Event: 20.099 Executing VM operation: HandshakeAllThreads done
Event: 20.099 Executing VM operation: Cleanup
Event: 20.102 Executing VM operation: Cleanup done
Event: 20.189 Executing VM operation: HandshakeAllThreads
Event: 20.190 Executing VM operation: HandshakeAllThreads done
Event: 20.271 Executing VM operation: HandshakeAllThreads
Event: 20.271 Executing VM operation: HandshakeAllThreads done
Event: 20.834 Executing VM operation: HandshakeAllThreads
Event: 20.834 Executing VM operation: HandshakeAllThreads done
Event: 20.845 Executing VM operation: G1CollectForAllocation
Event: 20.855 Executing VM operation: G1CollectForAllocation done

Events (20 events):
Event: 18.339 loading class sun/nio/ch/OptionKey done
Event: 18.340 loading class sun/nio/ch/SelectionKeyImpl
Event: 18.341 loading class java/nio/channels/spi/AbstractSelectionKey
Event: 18.341 loading class java/nio/channels/SelectionKey
Event: 18.341 loading class java/nio/channels/SelectionKey done
Event: 18.341 loading class java/nio/channels/spi/AbstractSelectionKey done
Event: 18.341 loading class sun/nio/ch/SelectionKeyImpl done
Event: 18.341 loading class java/lang/invoke/ConstantBootstraps
Event: 18.342 loading class java/lang/invoke/ConstantBootstraps done
Event: 20.039 loading class sun/nio/cs/ThreadLocalCoders
Event: 20.040 loading class sun/nio/cs/ThreadLocalCoders done
Event: 20.040 loading class sun/nio/cs/ThreadLocalCoders$1
Event: 20.040 loading class sun/nio/cs/ThreadLocalCoders$Cache
Event: 20.040 loading class sun/nio/cs/ThreadLocalCoders$Cache done
Event: 20.040 loading class sun/nio/cs/ThreadLocalCoders$1 done
Event: 20.040 loading class sun/nio/cs/ThreadLocalCoders$2
Event: 20.040 loading class sun/nio/cs/ThreadLocalCoders$2 done
Event: 20.917 loading class java/util/concurrent/locks/ReentrantReadWriteLock$FairSync
Event: 20.918 loading class java/util/concurrent/locks/ReentrantReadWriteLock$FairSync done
Event: 20.941 Thread 0x0000014cbd837320 Thread added: 0x0000014cbd837320


Dynamic libraries:
0x00007ff6e7230000 - 0x00007ff6e723e000 	C:\Users\madhumati\.p2\pool\plugins\org.eclipse.justj.openjdk.hotspot.jre.full.win32.x86_64_17.0.3.v20220515-1416\jre\bin\javaw.exe
0x00007ff8f6800000 - 0x00007ff8f6a09000 	C:\WINDOWS\SYSTEM32\ntdll.dll
0x00007ff8f5120000 - 0x00007ff8f51de000 	C:\WINDOWS\System32\KERNEL32.DLL
0x00007ff8f42b0000 - 0x00007ff8f462b000 	C:\WINDOWS\System32\KERNELBASE.dll
0x00007ff8f4190000 - 0x00007ff8f42a1000 	C:\WINDOWS\System32\ucrtbase.dll
0x00007ff8e2ff0000 - 0x00007ff8e3009000 	C:\Users\madhumati\.p2\pool\plugins\org.eclipse.justj.openjdk.hotspot.jre.full.win32.x86_64_17.0.3.v20220515-1416\jre\bin\VCRUNTIME140.dll
0x00007ff8e1970000 - 0x00007ff8e1988000 	C:\Users\madhumati\.p2\pool\plugins\org.eclipse.justj.openjdk.hotspot.jre.full.win32.x86_64_17.0.3.v20220515-1416\jre\bin\jli.dll
0x00007ff8f5c90000 - 0x00007ff8f5e3d000 	C:\WINDOWS\System32\USER32.dll
0x00007ff8f3e20000 - 0x00007ff8f3e46000 	C:\WINDOWS\System32\win32u.dll
0x00007ff8f5aa0000 - 0x00007ff8f5ac9000 	C:\WINDOWS\System32\GDI32.dll
0x00007ff8f3c80000 - 0x00007ff8f3d98000 	C:\WINDOWS\System32\gdi32full.dll
0x00007ff8f40f0000 - 0x00007ff8f418d000 	C:\WINDOWS\System32\msvcp_win.dll
0x00007ff8dfd70000 - 0x00007ff8e0015000 	C:\WINDOWS\WinSxS\amd64_microsoft.windows.common-controls_6595b64144ccf1df_6.0.22000.120_none_9d947278b86cc467\COMCTL32.dll
0x00007ff8f5850000 - 0x00007ff8f58f3000 	C:\WINDOWS\System32\msvcrt.dll
0x00007ff8f57e0000 - 0x00007ff8f5812000 	C:\WINDOWS\System32\IMM32.DLL
0x00007ff8e1420000 - 0x00007ff8e142c000 	C:\Users\madhumati\.p2\pool\plugins\org.eclipse.justj.openjdk.hotspot.jre.full.win32.x86_64_17.0.3.v20220515-1416\jre\bin\vcruntime140_1.dll
0x00007ff8d6750000 - 0x00007ff8d67e1000 	C:\Users\madhumati\.p2\pool\plugins\org.eclipse.justj.openjdk.hotspot.jre.full.win32.x86_64_17.0.3.v20220515-1416\jre\bin\msvcp140.dll
0x00007ff8b16d0000 - 0x00007ff8b2318000 	C:\Users\madhumati\.p2\pool\plugins\org.eclipse.justj.openjdk.hotspot.jre.full.win32.x86_64_17.0.3.v20220515-1416\jre\bin\server\jvm.dll
0x00007ff8f54e0000 - 0x00007ff8f558e000 	C:\WINDOWS\System32\ADVAPI32.dll
0x00007ff8f5e40000 - 0x00007ff8f5ede000 	C:\WINDOWS\System32\sechost.dll
0x00007ff8f5260000 - 0x00007ff8f5380000 	C:\WINDOWS\System32\RPCRT4.dll
0x00007ff8f5670000 - 0x00007ff8f5679000 	C:\WINDOWS\System32\WSOCK32.dll
0x00007ff8f5380000 - 0x00007ff8f53ef000 	C:\WINDOWS\System32\WS2_32.dll
0x00007ff8f4b50000 - 0x00007ff8f4b5a000 	C:\WINDOWS\System32\VERSION.dll
0x00007ff8f5750000 - 0x00007ff8f5758000 	C:\WINDOWS\System32\PSAPI.DLL
0x00007ff8e9370000 - 0x00007ff8e93a3000 	C:\WINDOWS\SYSTEM32\WINMM.dll
0x00007ff8f2d00000 - 0x00007ff8f2d18000 	C:\WINDOWS\SYSTEM32\kernel.appcore.dll
0x00007ff8e1410000 - 0x00007ff8e141a000 	C:\Users\madhumati\.p2\pool\plugins\org.eclipse.justj.openjdk.hotspot.jre.full.win32.x86_64_17.0.3.v20220515-1416\jre\bin\jimage.dll
0x00007ff8f12d0000 - 0x00007ff8f14f1000 	C:\WINDOWS\SYSTEM32\DBGHELP.DLL
0x00007ff8dca90000 - 0x00007ff8dcac1000 	C:\WINDOWS\SYSTEM32\dbgcore.DLL
0x00007ff8f3da0000 - 0x00007ff8f3e1f000 	C:\WINDOWS\System32\bcryptPrimitives.dll
0x00007ff8e10c0000 - 0x00007ff8e10e5000 	C:\Users\madhumati\.p2\pool\plugins\org.eclipse.justj.openjdk.hotspot.jre.full.win32.x86_64_17.0.3.v20220515-1416\jre\bin\java.dll
0x00007ff8e0750000 - 0x00007ff8e0768000 	C:\Users\madhumati\.p2\pool\plugins\org.eclipse.justj.openjdk.hotspot.jre.full.win32.x86_64_17.0.3.v20220515-1416\jre\bin\zip.dll
0x00007ff8f6000000 - 0x00007ff8f67b7000 	C:\WINDOWS\System32\SHELL32.dll
0x00007ff8f1d70000 - 0x00007ff8f25d5000 	C:\WINDOWS\SYSTEM32\windows.storage.dll
0x00007ff8f4750000 - 0x00007ff8f4ac8000 	C:\WINDOWS\System32\combase.dll
0x00007ff8f1c00000 - 0x00007ff8f1d66000 	C:\WINDOWS\SYSTEM32\wintypes.dll
0x00007ff8f53f0000 - 0x00007ff8f54da000 	C:\WINDOWS\System32\SHCORE.dll
0x00007ff8f46f0000 - 0x00007ff8f474d000 	C:\WINDOWS\System32\shlwapi.dll
0x00007ff8f3bb0000 - 0x00007ff8f3bd1000 	C:\WINDOWS\SYSTEM32\profapi.dll
0x00007ff8e0600000 - 0x00007ff8e0619000 	C:\Users\madhumati\.p2\pool\plugins\org.eclipse.justj.openjdk.hotspot.jre.full.win32.x86_64_17.0.3.v20220515-1416\jre\bin\net.dll
0x00007ff8e9250000 - 0x00007ff8e9364000 	C:\WINDOWS\SYSTEM32\WINHTTP.dll
0x00007ff8f31a0000 - 0x00007ff8f3207000 	C:\WINDOWS\system32\mswsock.dll
0x00007ff8e03b0000 - 0x00007ff8e03c5000 	C:\Users\madhumati\.p2\pool\plugins\org.eclipse.justj.openjdk.hotspot.jre.full.win32.x86_64_17.0.3.v20220515-1416\jre\bin\nio.dll
0x00007ff8e12e0000 - 0x00007ff8e12f0000 	C:\Users\madhumati\.p2\pool\plugins\org.eclipse.justj.openjdk.hotspot.jre.full.win32.x86_64_17.0.3.v20220515-1416\jre\bin\verify.dll
0x00007ff8e10b0000 - 0x00007ff8e10b9000 	C:\Users\madhumati\.p2\pool\plugins\org.eclipse.justj.openjdk.hotspot.jre.full.win32.x86_64_17.0.3.v20220515-1416\jre\bin\management.dll
0x00007ff8e0740000 - 0x00007ff8e074b000 	C:\Users\madhumati\.p2\pool\plugins\org.eclipse.justj.openjdk.hotspot.jre.full.win32.x86_64_17.0.3.v20220515-1416\jre\bin\management_ext.dll
0x00007ff8d0120000 - 0x00007ff8d0137000 	C:\WINDOWS\system32\napinsp.dll
0x00007ff8d0100000 - 0x00007ff8d011b000 	C:\WINDOWS\system32\pnrpnsp.dll
0x00007ff8f2860000 - 0x00007ff8f2948000 	C:\WINDOWS\SYSTEM32\DNSAPI.dll
0x00007ff8f2830000 - 0x00007ff8f285d000 	C:\WINDOWS\SYSTEM32\IPHLPAPI.DLL
0x00007ff8f5680000 - 0x00007ff8f5689000 	C:\WINDOWS\System32\NSI.dll
0x00007ff8d00c0000 - 0x00007ff8d00d2000 	C:\WINDOWS\System32\winrnr.dll
0x00007ff8e5620000 - 0x00007ff8e5635000 	C:\WINDOWS\system32\wshbth.dll
0x00007ff8cefb0000 - 0x00007ff8cefcf000 	C:\WINDOWS\system32\nlansp_c.dll
0x00007ff8e43c0000 - 0x00007ff8e43ca000 	C:\Windows\System32\rasadhlp.dll
0x00007ff8e51f0000 - 0x00007ff8e5271000 	C:\WINDOWS\System32\fwpuclnt.dll
0x00007ff8f33e0000 - 0x00007ff8f33f8000 	C:\WINDOWS\SYSTEM32\CRYPTSP.dll
0x00007ff8f2c60000 - 0x00007ff8f2c95000 	C:\WINDOWS\system32\rsaenh.dll
0x00007ff8f3290000 - 0x00007ff8f32b9000 	C:\WINDOWS\SYSTEM32\USERENV.dll
0x00007ff8f3570000 - 0x00007ff8f3597000 	C:\WINDOWS\SYSTEM32\bcrypt.dll
0x00007ff8f3400000 - 0x00007ff8f340c000 	C:\WINDOWS\SYSTEM32\CRYPTBASE.dll
0x00007ff8e9230000 - 0x00007ff8e9249000 	C:\WINDOWS\SYSTEM32\dhcpcsvc6.DLL
0x00007ff8e9550000 - 0x00007ff8e956e000 	C:\WINDOWS\SYSTEM32\dhcpcsvc.DLL
0x00007ff8e06c0000 - 0x00007ff8e06ce000 	C:\Users\madhumati\.p2\pool\plugins\org.eclipse.justj.openjdk.hotspot.jre.full.win32.x86_64_17.0.3.v20220515-1416\jre\bin\sunmscapi.dll
0x00007ff8f3e50000 - 0x00007ff8f3fb2000 	C:\WINDOWS\System32\CRYPT32.dll
0x00007ff8f3540000 - 0x00007ff8f3568000 	C:\WINDOWS\SYSTEM32\ncrypt.dll
0x00007ff8f3500000 - 0x00007ff8f3537000 	C:\WINDOWS\SYSTEM32\NTASN1.dll
0x00007ff8632c0000 - 0x00007ff8632c8000 	C:\WINDOWS\system32\wshunix.dll

dbghelp: loaded successfully - version: 4.0.5 - missing functions: none
symbol engine: initialized successfully - sym options: 0x614 - pdb path: .;C:\Users\madhumati\.p2\pool\plugins\org.eclipse.justj.openjdk.hotspot.jre.full.win32.x86_64_17.0.3.v20220515-1416\jre\bin;C:\WINDOWS\SYSTEM32;C:\WINDOWS\WinSxS\amd64_microsoft.windows.common-controls_6595b64144ccf1df_6.0.22000.120_none_9d947278b86cc467;C:\Users\madhumati\.p2\pool\plugins\org.eclipse.justj.openjdk.hotspot.jre.full.win32.x86_64_17.0.3.v20220515-1416\jre\bin\server

VM Arguments:
jvm_args: -Dfile.encoding=UTF-8 -XX:+ShowCodeDetailsInExceptionMessages 
java_command: com.gl.employee.EmployeeManagementSystemApplication
java_class_path (initial): C:\Users\madhumati\eclipse-workspace\EmployeeManagementSystem\target\classes;C:\Users\madhumati\.m2\repository\org\springframework\boot\spring-boot-starter-data-jpa\2.7.7\spring-boot-starter-data-jpa-2.7.7.jar;C:\Users\madhumati\.m2\repository\org\springframework\boot\spring-boot-starter-aop\2.7.7\spring-boot-starter-aop-2.7.7.jar;C:\Users\madhumati\.m2\repository\org\springframework\spring-aop\5.3.24\spring-aop-5.3.24.jar;C:\Users\madhumati\.m2\repository\org\aspectj\aspectjweaver\1.9.7\aspectjweaver-1.9.7.jar;C:\Users\madhumati\.m2\repository\org\springframework\boot\spring-boot-starter-jdbc\2.7.7\spring-boot-starter-jdbc-2.7.7.jar;C:\Users\madhumati\.m2\repository\com\zaxxer\HikariCP\4.0.3\HikariCP-4.0.3.jar;C:\Users\madhumati\.m2\repository\org\springframework\spring-jdbc\5.3.24\spring-jdbc-5.3.24.jar;C:\Users\madhumati\.m2\repository\jakarta\transaction\jakarta.transaction-api\1.3.3\jakarta.transaction-api-1.3.3.jar;C:\Users\madhumati\.m2\repository\jakarta\persistence\jakarta.persistence-api\2.2.3\jakarta.persistence-api-2.2.3.jar;C:\Users\madhumati\.m2\repository\org\hibernate\hibernate-core\5.6.14.Final\hibernate-core-5.6.14.Final.jar;C:\Users\madhumati\.m2\repository\org\jboss\logging\jboss-logging\3.4.3.Final\jboss-logging-3.4.3.Final.jar;C:\Users\madhumati\.m2\repository\net\bytebuddy\byte-buddy\1.12.20\byte-buddy-1.12.20.jar;C:\Users\madhumati\.m2\repository\antlr\antlr\2.7.7\antlr-2.7.7.jar;C:\Users\madhumati\.m2\repository\org\jboss\jandex\2.4.2.Final\jandex-2.4.2.Final.jar;C:\Users\madhumati\.m2\repository\com\fasterxml\classmate\1.5.1\classmate-1.5.1.jar;C:\Users\madhumati\.m2\repository\org\hibernate\common\hibernate-commons-annotations\5.1.2.Final\hibernate-commons-annotations-5.1.2.Final.jar;C:\Users\madhumati\.m2\repository\org\glassfish\jaxb\jaxb-runtime\2.3.7\jaxb-runtime-2.3.7.jar;C:\Users\madhumati\.m2\repository\org\glassfish\jaxb\txw2\2.3.7\txw2-2.3.7.jar;C:\Users\madhumati\.m2\repository\com\sun\istack\istack-c
Launcher Type: SUN_STANDARD

[Global flags]
     intx CICompilerCount                          = 3                                         {product} {ergonomic}
     uint ConcGCThreads                            = 1                                         {product} {ergonomic}
     uint G1ConcRefinementThreads                  = 4                                         {product} {ergonomic}
   size_t G1HeapRegionSize                         = 1048576                                   {product} {ergonomic}
    uintx GCDrainStackTargetSize                   = 64                                        {product} {ergonomic}
   size_t InitialHeapSize                          = 132120576                                 {product} {ergonomic}
   size_t MarkStackSize                            = 4194304                                   {product} {ergonomic}
   size_t MaxHeapSize                              = 2086666240                                {product} {ergonomic}
   size_t MaxNewSize                               = 1251999744                                {product} {ergonomic}
   size_t MinHeapDeltaBytes                        = 1048576                                   {product} {ergonomic}
   size_t MinHeapSize                              = 8388608                                   {product} {ergonomic}
    uintx NonNMethodCodeHeapSize                   = 5832780                                {pd product} {ergonomic}
    uintx NonProfiledCodeHeapSize                  = 122912730                              {pd product} {ergonomic}
    uintx ProfiledCodeHeapSize                     = 122912730                              {pd product} {ergonomic}
    uintx ReservedCodeCacheSize                    = 251658240                              {pd product} {ergonomic}
     bool SegmentedCodeCache                       = true                                      {product} {ergonomic}
     bool ShowCodeDetailsInExceptionMessages       = true                                   {manageable} {command line}
   size_t SoftMaxHeapSize                          = 2086666240                             {manageable} {ergonomic}
     bool UseCompressedClassPointers               = true                           {product lp64_product} {ergonomic}
     bool UseCompressedOops                        = true                           {product lp64_product} {ergonomic}
     bool UseG1GC                                  = true                                      {product} {ergonomic}
     bool UseLargePagesIndividualAllocation        = false                                  {pd product} {ergonomic}

Logging:
Log output configuration:
 #0: stdout all=warning uptime,level,tags
 #1: stderr all=off uptime,level,tags

Environment Variables:
JAVA_HOME=C:\Program Files\Java\jdk-19\bin
PATH=C:\WINDOWS\system32;C:\WINDOWS;C:\WINDOWS\system32\Wbem;C:\Program Files\Common Files\Oracle\Java\javapath;C:\Program Files (x86)\Java\jdk1.8.0_201\bin;C:\WINDOWS\System32\WindowsPowerShell\v1.0\;C:\WINDOWS\System32\OpenSSH\;C:\Program Files (x86)\Microsoft SQL Server\150\DTS\Binn\;C:\Program Files\dotnet\;C:\Program Files\Java\jdk-16.0.1\bin;C:\ProgramData\Git\cmd;C:\Program Files\Java\jdk-18.0.2\bin;C:\Program Files\Sublime Text 3;C:\Users\madhumati\Downloads\apache-maven-3.8.6-bin\apache-maven-3.8.6\bin;C:\Program Files\Java\jdk-19\bin\bin;C:\Program Files\MySQL\MySQL Shell 8.0\bin\;C:\Users\madhumati\AppData\Local\Programs\Python\Python39\Scripts\;C:\Users\madhumati\AppData\Local\Programs\Python\Python39\;C:\Users\madhumati\AppData\Local\Microsoft\WindowsApps;C:\Program Files\apache-maven-3.8.6;
USERNAME=madhumati
OS=Windows_NT
PROCESSOR_IDENTIFIER=Intel64 Family 6 Model 126 Stepping 5, GenuineIntel



---------------  S Y S T E M  ---------------

OS:
 Windows 11 , 64 bit Build 22000 (10.0.22000.1335)
OS uptime: 3 days 21:12 hours

CPU: total 4 (initial active 4) (2 cores per cpu, 2 threads per core) family 6 model 126 stepping 5 microcode 0xb2, cx8, cmov, fxsr, ht, mmx, 3dnowpref, sse, sse2, sse3, ssse3, sse4.1, sse4.2, popcnt, lzcnt, tsc, tscinvbit, avx, avx2, aes, erms, clmul, bmi1, bmi2, adx, avx512f, avx512dq, avx512cd, avx512bw, avx512vl, sha, fma, vzeroupper, avx512_vpopcntdq, avx512_vpclmulqdq, avx512_vaes, avx512_vnni, clflush, clflushopt, avx512_vbmi2, avx512_vbmi

Memory: 4k page, system-wide physical 7959M (1199M free)
TotalPageFile size 10007M (AvailPageFile size 11M)
current process WorkingSet (physical memory assigned to process): 195M, peak: 233M
current process commit charge ("private bytes"): 218M, peak: 257M

vm_info: OpenJDK 64-Bit Server VM (17.0.3+7) for windows-amd64 JRE (17.0.3+7), built on Apr 19 2022 16:55:35 by "" with MS VC++ 16.7 (VS2019)

END.
